[debug] [2023-06-21T13:28:07.650Z] ----------------------------------------------------------------------
[debug] [2023-06-21T13:28:07.653Z] Command:       C:\Program Files\nodejs\node.exe C:\Users\haile\AppData\Roaming\npm\node_modules\firebase-tools\lib\bin\firebase.js init
[debug] [2023-06-21T13:28:07.653Z] CLI Version:   12.4.0
[debug] [2023-06-21T13:28:07.653Z] Platform:      win32
[debug] [2023-06-21T13:28:07.654Z] Node Version:  v20.3.0
[debug] [2023-06-21T13:28:07.654Z] Time:          Wed Jun 21 2023 15:28:07 GMT+0200 (heure d’été d’Europe centrale)
[debug] [2023-06-21T13:28:07.654Z] ----------------------------------------------------------------------
[debug] 
[debug] [2023-06-21T13:28:07.665Z] > command requires scopes: ["email","openid","https://www.googleapis.com/auth/cloudplatformprojects.readonly","https://www.googleapis.com/auth/firebase","https://www.googleapis.com/auth/cloud-platform"]
[debug] [2023-06-21T13:28:07.665Z] > authorizing via signed-in user (hailemedhntegegne@gmail.com)
[info] 
     ######## #### ########  ######## ########     ###     ######  ########
     ##        ##  ##     ## ##       ##     ##  ##   ##  ##       ##
     ######    ##  ########  ######   ########  #########  ######  ######
     ##        ##  ##    ##  ##       ##     ## ##     ##       ## ##
     ##       #### ##     ## ######## ########  ##     ##  ######  ########

You're about to initialize a Firebase project in this directory:

  C:\Users\haile\Summer\mychat

[info] 
=== Project Setup
[info] 
[info] First, let's associate this project directory with a Firebase project.
[info] You can create multiple project aliases by running firebase use --add, 
[info] but for now we'll just set up a default project.
[info] 
[info] i  If you want to create a project in a Google Cloud organization or folder, please use "firebase projects:create" instead, and return to this command when you've created the project. 
[debug] [2023-06-21T13:29:09.886Z] > refreshing access token with scopes: []
[debug] [2023-06-21T13:29:09.890Z] >>> [apiv2][query] POST https://www.googleapis.com/oauth2/v3/token [none]
[debug] [2023-06-21T13:29:09.891Z] >>> [apiv2][body] POST https://www.googleapis.com/oauth2/v3/token [omitted]
[debug] [2023-06-21T13:29:10.340Z] <<< [apiv2][status] POST https://www.googleapis.com/oauth2/v3/token 200
[debug] [2023-06-21T13:29:10.340Z] <<< [apiv2][body] POST https://www.googleapis.com/oauth2/v3/token [omitted]
[debug] [2023-06-21T13:29:10.346Z] >>> [apiv2][query] POST https://cloudresourcemanager.googleapis.com/v1/projects [none]
[debug] [2023-06-21T13:29:10.346Z] >>> [apiv2][body] POST https://cloudresourcemanager.googleapis.com/v1/projects {"projectId":"mychat","name":"mychat"}
[debug] [2023-06-21T13:29:11.385Z] <<< [apiv2][status] POST https://cloudresourcemanager.googleapis.com/v1/projects 409
[debug] [2023-06-21T13:29:11.386Z] <<< [apiv2][body] POST https://cloudresourcemanager.googleapis.com/v1/projects {"error":{"code":409,"message":"Requested entity already exists","status":"ALREADY_EXISTS"}}
[debug] [2023-06-21T13:29:11.582Z] FirebaseError: HTTP Error: 409, Requested entity already exists
    at responseToError (C:\Users\haile\AppData\Roaming\npm\node_modules\firebase-tools\lib\responseToError.js:49:12)
    at RetryOperation._fn (C:\Users\haile\AppData\Roaming\npm\node_modules\firebase-tools\lib\apiv2.js:288:77)
    at process.processTicksAndRejections (node:internal/process/task_queues:95:5)
[error] 
[error] Error: Failed to create project because there is already a project with ID mychat. Please try again with a unique project ID.
